<?xml version="1.0" encoding="UTF-8"?>
<testng-results skipped="0" failed="0" ignored="0" total="1" passed="1">
  <reporter-output>
  </reporter-output>
  <suite name="Default suite" duration-ms="13125" started-at="2021-05-05T06:47:35Z" finished-at="2021-05-05T06:47:49Z">
    <groups>
    </groups>
    <test name="Default test" duration-ms="13125" started-at="2021-05-05T06:47:35Z" finished-at="2021-05-05T06:47:49Z">
      <class name="com.banking.testCases.TC_LoginTest_001">
        <test-method status="PASS" signature="setup()[pri:0, instance:com.banking.testCases.TC_LoginTest_001@3b0143d3]" name="setup" is-config="true" duration-ms="2951" started-at="2021-05-05T06:47:35Z" finished-at="2021-05-05T06:47:38Z">
          <reporter-output>
          </reporter-output>
        </test-method> <!-- setup -->
        <test-method status="PASS" signature="loginTest()[pri:0, instance:com.banking.testCases.TC_LoginTest_001@3b0143d3]" name="loginTest" duration-ms="9290" started-at="2021-05-05T06:47:38Z" finished-at="2021-05-05T06:47:48Z">
          <reporter-output>
          </reporter-output>
        </test-method> <!-- loginTest -->
        <test-method status="PASS" signature="tearDown()[pri:0, instance:com.banking.testCases.TC_LoginTest_001@3b0143d3]" name="tearDown" is-config="true" duration-ms="855" started-at="2021-05-05T06:47:48Z" finished-at="2021-05-05T06:47:49Z">
          <reporter-output>
          </reporter-output>
        </test-method> <!-- tearDown -->
      </class> <!-- com.banking.testCases.TC_LoginTest_001 -->
    </test> <!-- Default test -->
  </suite> <!-- Default suite -->
</testng-results>
