<?xml version="1.0" encoding="UTF-8"?>
<!-- Generated by org.testng.reporters.JUnitXMLReporter -->
<testsuite hostname="LAPTOP-7N9U184H" ignored="0" name="Test" tests="5" failures="0" timestamp="05 May 2021 16:36:14 GMT" time="50.082" errors="0">
  <testcase name="loginTest" time="6.86" classname="com.banking.testCases.TC_LoginTest_001"/>
  <testcase name="loginTestDDT" time="6.187" classname="com.banking.testCases.TC_LoginTestDDT_002"/>
  <testcase name="loginTestDDT" time="3.224" classname="com.banking.testCases.TC_LoginTestDDT_002"/>
  <testcase name="loginTestDDT" time="5.416" classname="com.banking.testCases.TC_LoginTestDDT_002"/>
  <testcase name="loginTestDDT" time="2.548" classname="com.banking.testCases.TC_LoginTestDDT_002"/>
</testsuite> <!-- Test -->
